build/app/outputs/mapping/release/seeds.txt
com.qcsacco.sacco_app.MainActivity: MainActivity()
com.qcsacco.sacco_app.MainActivity
...
com.google.android.gms.internal.firebase-auth-api.zzgq: com.google.android.gms.internal.firebase-auth-api.zzym zzg
com.google.firebase.firestore.proto.MaybeDocument: int NO_DOCUMENT_FIELD_NUMBER
com.google.firestore.v1.CommitResponse: int COMMIT_TIME_FIELD_NUMBER
io.flutter.embedding.android.RenderMode: io.flutter.embedding.android.RenderMode valueOf(java.lang.String)
com.google.firestore.v1.StructuredQuery$CompositeFilter: com.google.protobuf.Internal$ProtobufList filters_
com.google.firebase.auth.GithubAuthCredential: android.os.Parcelable$Creator CREATOR
com.google.firestore.v1.ListenRequest: int REMOVE_TARGET_FIELD_NUMBER
androidx.lifecycle.Lifecycle$Event: androidx.lifecycle.Lifecycle$Event ON_DESTROY
com.google.firestore.v1.DocumentRemove: com.google.protobuf.Parser PARSER
org.xmlpull.v1.XmlPullParser: int START_TAG
com.google.android.gms.internal.firebase-auth-api.zzhw: com.google.android.gms.internal.firebase-auth-api.zzhw zzi
com.google.android.gms.internal.firebase-auth-api.zzif: int zze
com.google.android.gms.internal.firebase-auth-api.zzwb: android.os.Parcelable$Creator CREATOR
io.flutter.plugins.firebase.storage.FlutterFirebaseAppRegistrar: java.util.List getComponents()
io.flutter.embedding.engine.FlutterJNI: void unregisterTexture(long)
com.google.firebase.firestore.DocumentChange$Type: com.google.firebase.firestore.DocumentChange$Type[] values()
com.google.firestore.v1.DocumentRemove: com.google.firestore.v1.DocumentRemove DEFAULT_INSTANCE
com.google.firestore.v1.Target: java.lang.Object resumeType_
com.google.firebase.firestore.proto.UnknownDocument: java.lang.String name_
com.google.firestore.v1.Cursor: com.google.protobuf.Internal$ProtobufList values_
com.google.android.gms.dynamite.descriptors.com.google.firebase.auth.ModuleDescriptor
com.google.firebase.firestore.proto.Target: int QUERY_FIELD_NUMBER
com.google.android.gms.internal.firebase-auth-api.zzmk: android.os.Parcelable$Creator CREATOR
io.flutter.plugins.firebaseauth.FlutterFirebaseAppRegistrar: FlutterFirebaseAppRegistrar()
com.google.firebase.firestore.FirebaseFirestore
com.google.firestore.v1.WriteResult: com.google.protobuf.Timestamp updateTime_
io.flutter.embedding.engine.FlutterJNI: void ensureRunningOnMainThread()
com.google.android.gms.internal.firebase-auth-api.zzft: int zzb
com.google.firestore.v1.TargetChange: int READ_TIME_FIELD_NUMBER
com.google.firestore.v1.StructuredQuery$Projection: com.google.firestore.v1.StructuredQuery$Projection DEFAULT_INSTANCE
androidx.lifecycle.Lifecycle$Event: androidx.lifecycle.Lifecycle$Event[] $VALUES
com.google.firestore.v1.DocumentTransform$FieldTransform: int SET_TO_SERVER_VALUE_FIELD_NUMBER
com.google.firebase.firestore.proto.WriteBatch: int WRITES_FIELD_NUMBER
com.google.firestore.v1.StructuredQuery: com.google.firestore.v1.StructuredQuery$Projection select_
com.google.android.gms.internal.firebase-auth-api.zzmo: android.os.Parcelable$Creator CREATOR
org.xmlpull.v1.XmlPullParser: int END_TAG
io.flutter.plugin.platform.SingleViewPresentation: io.flutter.plugin.platform.AccessibilityEventsDelegate accessibilityEventsDelegate
com.google.type.LatLng
com.google.firestore.v1.DocumentMask
com.google.firestore.v1.BatchGetDocumentsResponse
io.flutter.embedding.engine.mutatorsstack.FlutterMutatorsStack$FlutterMutatorType: io.flutter.embedding.engine.mutatorsstack.FlutterMutatorsStack$FlutterMutatorType[] values()
com.google.firebase.firestore.local.QueryPurpose: com.google.firebase.firestore.local.QueryPurpose valueOf(java.lang.String)
com.google.android.gms.internal.firebase-auth-api.zzhn: com.google.android.gms.internal.firebase-auth-api.zzhn[] values()
io.flutter.view.AccessibilityViewEmbedder: android.view.accessibility.AccessibilityNodeInfo getRootNode(android.view.View,int,android.graphics.Rect)
org.xmlpull.v1.XmlPullParser: java.lang.String FEATURE_REPORT_NAMESPACE_ATTRIBUTES
com.google.firestore.v1.ListenResponse: int DOCUMENT_REMOVE_FIELD_NUMBER