build/app/outputs/mapping/release/mapping.txt
# compiler: R8
# compiler_version: 2.1.62
# min_api: 23
# pg_map_id: ed81188
# common_typos_disable
...
io.flutter.view.VsyncWaiter$1$1 -> io.flutter.view.f$a$a:
    long val$cookie -> a
    io.flutter.view.VsyncWaiter$1 this$1 -> b
io.grpc.Attributes -> d.b.a:
    java.util.Map data -> a
    io.grpc.Attributes EMPTY -> b
    java.util.Map access$100(io.grpc.Attributes) -> a
    java.lang.Object get(io.grpc.Attributes$Key) -> b
    io.grpc.Attributes$Builder newBuilder() -> c
    io.grpc.Attributes$Builder toBuilder() -> d
io.grpc.Attributes$1 -> d.b.a$a:
io.grpc.Attributes$Builder -> d.b.a$b:
    java.util.Map newdata -> b
    io.grpc.Attributes base -> a
    io.grpc.Attributes build() -> a
    java.util.Map data(int) -> b
    io.grpc.Attributes$Builder discard(io.grpc.Attributes$Key) -> c
    io.grpc.Attributes$Builder set(io.grpc.Attributes$Key,java.lang.Object) -> d
io.grpc.Attributes$Key -> d.b.a$c:
    java.lang.String debugString -> a
    io.grpc.Attributes$Key create(java.lang.String) -> a
io.grpc.BinaryLog -> d.b.b:
    io.grpc.Channel wrapChannel(io.grpc.Channel) -> a
io.grpc.CallCredentials -> d.b.c:
    void applyRequestMetadata(io.grpc.CallCredentials$RequestInfo,java.util.concurrent.Executor,io.grpc.CallCredentials$MetadataApplier) -> a
io.grpc.CallCredentials$MetadataApplier -> d.b.c$a:
    void apply(io.grpc.Metadata) -> a
    void fail(io.grpc.Status) -> b
io.grpc.CallCredentials$RequestInfo -> d.b.c$b:
io.grpc.CallOptions -> d.b.d:
    java.lang.Boolean waitForReady -> h
    io.grpc.CallOptions DEFAULT -> k
    io.grpc.CallCredentials credentials -> d
    java.lang.Object[][] customOptions -> f
    java.lang.Integer maxInboundMessageSize -> i
    java.util.concurrent.Executor executor -> b
    java.lang.Integer maxOutboundMessageSize -> j
    io.grpc.Deadline deadline -> a
    java.util.List streamTracerFactories -> g
    java.lang.String authority -> c
    java.lang.String compressorName -> e
    java.lang.String getAuthority() -> a
    java.lang.String getCompressor() -> b
    io.grpc.CallCredentials getCredentials() -> c
    io.grpc.Deadline getDeadline() -> d
    java.util.concurrent.Executor getExecutor() -> e
    java.lang.Integer getMaxInboundMessageSize() -> f
    java.lang.Integer getMaxOutboundMessageSize() -> g
    java.lang.Object getOption(io.grpc.CallOptions$Key) -> h
    java.util.List getStreamTracerFactories() -> i
    boolean isWaitForReady() -> j
    io.grpc.CallOptions withCallCredentials(io.grpc.CallCredentials) -> k
    io.grpc.CallOptions withDeadline(io.grpc.Deadline) -> l
    io.grpc.CallOptions withExecutor(java.util.concurrent.Executor) -> m
    io.grpc.CallOptions withMaxInboundMessageSize(int) -> n
    io.grpc.CallOptions withMaxOutboundMessageSize(int) -> o
    io.grpc.CallOptions withOption(io.grpc.CallOptions$Key,java.lang.Object) -> p
    io.grpc.CallOptions withStreamTracerFactory(io.grpc.ClientStreamTracer$Factory) -> q
io.grpc.CallOptions$Key -> d.b.d$a:
    java.lang.Object defaultValue -> b
    java.lang.String debugString -> a
    java.lang.Object access$000(io.grpc.CallOptions$Key) -> a
    io.grpc.CallOptions$Key create(java.lang.String) -> b
io.grpc.Channel -> d.b.e:
    java.lang.String authority() -> b
    io.grpc.ClientCall newCall(io.grpc.MethodDescriptor,io.grpc.CallOptions) -> h
io.grpc.ChannelLogger -> d.b.f:
    void log(io.grpc.ChannelLogger$ChannelLogLevel,java.lang.String) -> a
    void log(io.grpc.ChannelLogger$ChannelLogLevel,java.lang.String,java.lang.Object[]) -> b
io.grpc.ChannelLogger$ChannelLogLevel -> d.b.f$a:
    io.grpc.ChannelLogger$ChannelLogLevel[] $VALUES -> g
    io.grpc.ChannelLogger$ChannelLogLevel DEBUG -> c
    io.grpc.ChannelLogger$ChannelLogLevel INFO -> d
    io.grpc.ChannelLogger$ChannelLogLevel WARNING -> e
    io.grpc.ChannelLogger$ChannelLogLevel ERROR -> f
io.grpc.ClientCall -> d.b.g:
    void halfClose() -> a
    void request(int) -> b
    void sendMessage(java.lang.Object) -> c
    void start(io.grpc.ClientCall$Listener,io.grpc.Metadata) -> d