build/app/outputs/mapping/release/usage.txt
com.qcsacco.sacco_app.R$string
com.qcsacco.sacco_app.R$style
com.qcsacco.sacco_app.R$drawable
com.qcsacco.sacco_app.BuildConfig
com.qcsacco.sacco_app.R$xml
com.qcsacco.sacco_app.R$styleable
com.qcsacco.sacco_app.R$layout
com.qcsacco.sacco_app.R$id
com.qcsacco.sacco_app.R$dimen
com.qcsacco.sacco_app.R$color
com.qcsacco.sacco_app.R$attr
com.qcsacco.sacco_app.R$mipmap
com.qcsacco.sacco_app.R
com.qcsacco.sacco_app.R$integer
...
com.google.common.collect.EnumMultiset$2$1
kotlin.collections.IndexingIterator
com.google.gson.JsonIOException:
    private static final long serialVersionUID
io.grpc.ProxiedSocketAddress:
    private static final long serialVersionUID
com.google.common.collect.ImmutableSortedMultiset$Builder
com.google.common.base.Predicates$NotPredicate
com.google.common.collect.ImmutableSortedMultiset
io.grpc.Context:
    public static io.grpc.Context$Key key(java.lang.String)
    public static io.grpc.Context$Key keyWithDefault(java.lang.String,java.lang.Object)
    private void <init>(io.grpc.PersistentHashArrayMappedTrie,int)
    public static java.util.concurrent.Executor currentContextExecutor(java.util.concurrent.Executor)
    synthetic void <init>(io.grpc.Context,io.grpc.PersistentHashArrayMappedTrie,io.grpc.Context$1)
    public io.grpc.Context$CancellableContext withCancellation()
    public io.grpc.Context$CancellableContext withDeadlineAfter(long,java.util.concurrent.TimeUnit,java.util.concurrent.ScheduledExecutorService)
    public io.grpc.Context$CancellableContext withDeadline(io.grpc.Deadline,java.util.concurrent.ScheduledExecutorService)
    public io.grpc.Context withValue(io.grpc.Context$Key,java.lang.Object)
    public io.grpc.Context withValues(io.grpc.Context$Key,java.lang.Object,io.grpc.Context$Key,java.lang.Object)
    public io.grpc.Context withValues(io.grpc.Context$Key,java.lang.Object,io.grpc.Context$Key,java.lang.Object,io.grpc.Context$Key,java.lang.Object)
    public io.grpc.Context withValues(io.grpc.Context$Key,java.lang.Object,io.grpc.Context$Key,java.lang.Object,io.grpc.Context$Key,java.lang.Object,io.grpc.Context$Key,java.lang.Object)
    public io.grpc.Context fork()
    boolean isCurrent()
    int listenerCount()
    public void run(java.lang.Runnable)
    public java.lang.Object call(java.util.concurrent.Callable)
org.intellij.lang.annotations.JdkConstants$BoxLayoutAxis
com.google.android.gms.common.api.internal.zzd:
    public final boolean isCreated()
    public final boolean isStarted()
    public final synthetic android.app.Activity getLifecycleActivity()
com.google.api.DistributionProto
androidx.test.espresso.ViewInteraction$1
io.grpc.InternalChannelz$ServerList
androidx.versionedparcelable.VersionedParcelStream
androidx.core.view.inputmethod.EditorInfoCompat
com.google.protobuf.DescriptorProtos$EnumDescriptorProto$EnumReservedRangeOrBuilder
com.google.android.gms.common.AccountPicker$AccountChooserOptions$Builder
io.flutter.plugins.sharedpreferences.R$attr
kotlin.text.Regex$fromInt$$inlined$apply$lambda$1
androidx.test.espresso.core.internal.deps.dagger.internal.MemoizedSentinel
com.google.common.util.concurrent.AggregateFutureState$AtomicHelper
com.google.common.collect.LinkedListMultimap$NodeIterator
com.google.protobuf.DescriptorProtos$EnumValueDescriptorProtoOrBuilder
com.google.common.util.concurrent.AbstractExecutionThreadService$1$2
androidx.test.internal.runner.junit3.JUnit38ClassRunner$OldTestClassAdaptingListener
org.hamcrest.collection.IsArrayContainingInOrder
org.hamcrest.beans.HasPropertyWithValue$1
com.google.android.gms.security.zza